{"endpoint":"schedule","level":"info","message":"API request successful for /schedule","service":"schedule"}
{"endpoint":"pointstable","level":"info","message":"API request successful for /pointstable","service":"pointstable"}
{"endpoint":"pointstable","level":"info","message":"API request successful for /pointstable","service":"pointstable"}
{"endpoint":"schedule","level":"info","message":"API request successful for /schedule","service":"schedule"}
{"endpoint":"pointstable","level":"info","message":"API request successful for /pointstable","service":"pointstable"}
{"endpoint":"schedule","level":"info","message":"API request successful for /schedule","service":"schedule"}
{"endpoint":"pointstable","level":"info","message":"API request successful for /pointstable","service":"pointstable"}
{"endpoint":"livescore","level":"info","message":"API request successful for /livescore","service":"pointstable"}
{"endpoint":"pointstable","level":"info","message":"API request successful for /pointstable","service":"pointstable"}
{"endpoint":"pointstable","level":"info","message":"API request successful for /pointstable","service":"pointstable"}
{"endpoint":"schedule","level":"info","message":"API request successful for /schedule","service":"schedule"}
{"endpoint":"schedule","level":"info","message":"API request successful for /schedule","service":"schedule"}
{"endpoint":"stats/mostrun","level":"info","message":"API request successful for /stats/mostrun","service":"mostfifty"}
{"endpoint":"stats/highestavg","level":"info","message":"API request successful for /stats/highestavg","service":"bestbowling"}
{"endpoint":"stats/mostwicket","level":"info","message":"API request successful for /stats/mostwicket","service":"bestbowling"}
{"endpoint":"stats/highestscore","level":"info","message":"API request successful for /stats/highestscore","service":"bestbowling"}
{"endpoint":"stats/bestbowlingsr","level":"info","message":"API request successful for /stats/bestbowlingsr","service":"bestbowling"}
{"endpoint":"stats/mostfifty","level":"info","message":"API request successful for /stats/mostfifty","service":"bestbowling"}
{"endpoint":"pointstable","level":"info","message":"API request successful for /pointstable","service":"pointstable"}
{"endpoint":"schedule","level":"info","message":"API request successful for /schedule","service":"schedule"}
{"endpoint":"stats/mostrun","level":"info","message":"API request successful for /stats/mostrun","service":"bestbowling"}
{"endpoint":"stats/highestavg","level":"info","message":"API request successful for /stats/highestavg","service":"bestbowlingsr"}
{"endpoint":"stats/highestscore","level":"info","message":"API request successful for /stats/highestscore","service":"bestbowlingsr"}
{"endpoint":"stats/mostwicket","level":"info","message":"API request successful for /stats/mostwicket","service":"bestbowlingsr"}
{"endpoint":"stats/mostfifty","level":"info","message":"API request successful for /stats/mostfifty","service":"bestbowlingsr"}
{"endpoint":"stats/bestbowling","level":"info","message":"API request successful for /stats/bestbowling","service":"bestbowlingsr"}
{"endpoint":"stats/bestbowlingsr","level":"info","message":"API request successful for /stats/bestbowlingsr","service":"bestbowlingsr"}
{"endpoint":"livescore","level":"info","message":"API request successful for /livescore","service":"livescore"}
{"endpoint":"pointstable","level":"info","message":"API request successful for /pointstable","service":"pointstable"}
{"endpoint":"livescore","level":"info","message":"API request successful for /livescore","service":"pointstable"}
{"endpoint":"livescore","level":"info","message":"API request successful for /livescore","service":"livescore"}
{"endpoint":"schedule","level":"info","message":"API request successful for /schedule","service":"schedule"}
{"endpoint":"livescore","level":"info","message":"API request successful for /livescore","service":"schedule"}
{"endpoint":"stats/mostrun","level":"info","message":"API request successful for /stats/mostrun","service":"bestbowling"}
{"endpoint":"stats/highestscore","level":"info","message":"API request successful for /stats/highestscore","service":"bestbowlingsr"}
{"endpoint":"stats/highestavg","level":"info","message":"API request successful for /stats/highestavg","service":"bestbowlingsr"}
{"endpoint":"stats/mostfifty","level":"info","message":"API request successful for /stats/mostfifty","service":"bestbowlingsr"}
{"endpoint":"stats/mostwicket","level":"info","message":"API request successful for /stats/mostwicket","service":"bestbowlingsr"}
{"endpoint":"stats/bestbowling","level":"info","message":"API request successful for /stats/bestbowling","service":"bestbowlingsr"}
{"endpoint":"stats/bestbowlingsr","level":"info","message":"API request successful for /stats/bestbowlingsr","service":"bestbowlingsr"}
{"endpoint":"pointstable","level":"info","message":"API request successful for /pointstable","service":"pointstable"}
{"endpoint":"schedule","level":"info","message":"API request successful for /schedule","service":"schedule"}
{"endpoint":"pointstable","level":"info","message":"API request successful for /pointstable","service":"pointstable"}
{"endpoint":"schedule","level":"info","message":"API request successful for /schedule","service":"schedule"}
{"endpoint":"pointstable","level":"info","message":"API request successful for /pointstable","service":"pointstable"}
{"endpoint":"schedule","level":"info","message":"API request successful for /schedule","service":"schedule"}
{"endpoint":"stats/highestscore","level":"info","message":"API request successful for /stats/highestscore","service":"bestbowling"}
{"endpoint":"stats/highestavg","level":"info","message":"API request successful for /stats/highestavg","service":"bestbowlingsr"}
{"endpoint":"stats/mostrun","level":"info","message":"API request successful for /stats/mostrun","service":"bestbowlingsr"}
{"endpoint":"schedule","level":"info","message":"API request successful for /schedule","service":"schedule"}
{"endpoint":"stats/mostwicket","level":"info","message":"API request successful for /stats/mostwicket","service":"schedule"}
{"endpoint":"stats/mostfifty","level":"info","message":"API request successful for /stats/mostfifty","service":"schedule"}
{"endpoint":"stats/bestbowling","level":"info","message":"API request successful for /stats/bestbowling","service":"schedule"}
{"endpoint":"stats/bestbowlingsr","level":"info","message":"API request successful for /stats/bestbowlingsr","service":"schedule"}
{"endpoint":"livescore","level":"info","message":"API request successful for /livescore","service":"livescore"}
{"endpoint":"livescore","level":"info","message":"API request successful for /livescore","service":"livescore"}
{"endpoint":"livescore","level":"info","message":"API request successful for /livescore","service":"livescore"}
{"endpoint":"livescore","level":"info","message":"API request successful for /livescore","service":"livescore"}
{"endpoint":"pointstable","level":"info","message":"API request successful for /pointstable","service":"schedule"}
{"endpoint":"schedule","level":"info","message":"API request successful for /schedule","service":"mostfifty"}
{"endpoint":"livescore","level":"info","message":"API request successful for /livescore","service":"mostwicket"}
{"endpoint":"stats/mostrun","level":"info","message":"API request successful for /stats/mostrun","service":"bestbowling"}
{"endpoint":"stats/highestscore","level":"info","message":"API request successful for /stats/highestscore","service":"bestbowlingsr"}
{"endpoint":"stats/highestavg","level":"info","message":"API request successful for /stats/highestavg","service":"bestbowlingsr"}
{"endpoint":"schedule","level":"info","message":"API request successful for /schedule","service":"schedule"}
{"endpoint":"stats/mostfifty","level":"info","message":"API request successful for /stats/mostfifty","service":"schedule"}
{"endpoint":"stats/mostwicket","level":"info","message":"API request successful for /stats/mostwicket","service":"schedule"}
{"endpoint":"stats/bestbowlingsr","level":"info","message":"API request successful for /stats/bestbowlingsr","service":"schedule"}
{"endpoint":"stats/bestbowling","level":"info","message":"API request successful for /stats/bestbowling","service":"schedule"}
{"endpoint":"pointstable","level":"info","message":"API request successful for /pointstable","service":"pointstable"}
{"endpoint":"pointstable","level":"info","message":"API request successful for /pointstable","service":"pointstable"}
{"endpoint":"livescore","level":"info","message":"API request successful for /livescore","service":"pointstable"}
{"endpoint":"livescore","level":"info","message":"API request successful for /livescore","service":"livescore"}
{"endpoint":"schedule","level":"info","message":"API request successful for /schedule","service":"schedule"}
{"endpoint":"livescore","level":"info","message":"API request successful for /livescore","service":"livescore"}
{"endpoint":"livescore","level":"info","message":"API request successful for /livescore","service":"livescore"}
{"endpoint":"pointstable","level":"info","message":"API request successful for /pointstable","service":"pointstable"}
{"endpoint":"pointstable","level":"info","message":"API request successful for /pointstable","service":"pointstable"}
{"endpoint":"pointstable","level":"info","message":"API request successful for /pointstable","service":"pointstable"}
{"endpoint":"schedule","level":"info","message":"API request successful for /schedule","service":"schedule"}
{"endpoint":"stats/mostrun","level":"info","message":"API request successful for /stats/mostrun","service":"highestavg"}
{"endpoint":"stats/highestscore","level":"info","message":"API request successful for /stats/highestscore","service":"bestbowlingsr"}
{"endpoint":"stats/highestavg","level":"info","message":"API request successful for /stats/highestavg","service":"bestbowlingsr"}
{"endpoint":"stats/mostwicket","level":"info","message":"API request successful for /stats/mostwicket","service":"bestbowlingsr"}
{"endpoint":"stats/mostfifty","level":"info","message":"API request successful for /stats/mostfifty","service":"bestbowlingsr"}
{"endpoint":"stats/bestbowling","level":"info","message":"API request successful for /stats/bestbowling","service":"bestbowlingsr"}
{"endpoint":"stats/bestbowlingsr","level":"info","message":"API request successful for /stats/bestbowlingsr","service":"bestbowlingsr"}
{"endpoint":"schedule","level":"info","message":"API request successful for /schedule","service":"schedule"}
{"endpoint":"pointstable","level":"info","message":"API request successful for /pointstable","service":"pointstable"}
{"endpoint":"pointstable","level":"info","message":"API request successful for /pointstable","service":"pointstable"}
{"endpoint":"pointstable","level":"info","message":"API request successful for /pointstable","service":"pointstable"}
{"endpoint":"pointstable","level":"info","message":"API request successful for /pointstable","service":"pointstable"}
{"endpoint":"schedule","level":"info","message":"API request successful for /schedule","service":"schedule"}
{"endpoint":"stats/mostrun","level":"info","message":"API request successful for /stats/mostrun","service":"bestbowling"}
{"endpoint":"stats/highestscore","level":"info","message":"API request successful for /stats/highestscore","service":"bestbowlingsr"}
{"endpoint":"stats/highestavg","level":"info","message":"API request successful for /stats/highestavg","service":"bestbowlingsr"}
{"endpoint":"stats/mostwicket","level":"info","message":"API request successful for /stats/mostwicket","service":"bestbowlingsr"}
{"endpoint":"stats/mostfifty","level":"info","message":"API request successful for /stats/mostfifty","service":"bestbowlingsr"}
{"endpoint":"stats/bestbowling","level":"info","message":"API request successful for /stats/bestbowling","service":"bestbowlingsr"}
{"endpoint":"stats/bestbowlingsr","level":"info","message":"API request successful for /stats/bestbowlingsr","service":"pointstable"}
{"endpoint":"pointstable","level":"info","message":"API request successful for /pointstable","service":"pointstable"}
{"endpoint":"stats/mostrun","level":"info","message":"API request successful for /stats/mostrun","service":"bestbowling"}
{"endpoint":"stats/highestavg","level":"info","message":"API request successful for /stats/highestavg","service":"bestbowlingsr"}
{"endpoint":"stats/highestscore","level":"info","message":"API request successful for /stats/highestscore","service":"mostrun"}
{"endpoint":"stats/mostrun","level":"info","message":"API request successful for /stats/mostrun","service":"highestavg"}
{"endpoint":"stats/highestavg","level":"info","message":"API request successful for /stats/highestavg","service":"highestscore"}
{"endpoint":"stats/mostfifty","level":"info","message":"API request successful for /stats/mostfifty","service":"highestscore"}
{"endpoint":"stats/bestbowling","level":"info","message":"API request successful for /stats/bestbowling","service":"mostfifty"}
{"endpoint":"stats/mostwicket","level":"info","message":"API request successful for /stats/mostwicket","service":"mostfifty"}
{"endpoint":"stats/highestscore","level":"info","message":"API request successful for /stats/highestscore","service":"mostwicket"}
{"endpoint":"stats/bestbowlingsr","level":"info","message":"API request successful for /stats/bestbowlingsr","service":"mostwicket"}
{"endpoint":"stats/highestscore","level":"info","message":"API request successful for /stats/highestscore","service":"highestscore"}
{"endpoint":"stats/mostrun","level":"info","message":"API request successful for /stats/mostrun","service":"bestbowlingsr"}
{"endpoint":"stats/highestavg","level":"info","message":"API request successful for /stats/highestavg","service":"bestbowlingsr"}
{"endpoint":"stats/mostfifty","level":"info","message":"API request successful for /stats/mostfifty","service":"bestbowlingsr"}
{"endpoint":"stats/bestbowling","level":"info","message":"API request successful for /stats/bestbowling","service":"mostfifty"}
{"endpoint":"stats/mostwicket","level":"info","message":"API request successful for /stats/mostwicket","service":"mostfifty"}
{"endpoint":"stats/bestbowlingsr","level":"info","message":"API request successful for /stats/bestbowlingsr","service":"mostwicket"}
{"endpoint":"stats/mostfifty","level":"info","message":"API request successful for /stats/mostfifty","service":"bestbowlingsr"}
{"endpoint":"stats/bestbowling","level":"info","message":"API request successful for /stats/bestbowling","service":"bestbowlingsr"}
{"endpoint":"stats/mostwicket","level":"info","message":"API request successful for /stats/mostwicket","service":"bestbowlingsr"}
{"endpoint":"stats/bestbowlingsr","level":"info","message":"API request successful for /stats/bestbowlingsr","service":"bestbowlingsr"}
{"endpoint":"pointstable","level":"info","message":"API request successful for /pointstable","service":"pointstable"}
{"endpoint":"stats/highestavg","level":"info","message":"API request successful for /stats/highestavg","service":"mostwicket"}
{"endpoint":"stats/mostrun","level":"info","message":"API request successful for /stats/mostrun","service":"bestbowlingsr"}
{"endpoint":"stats/highestscore","level":"info","message":"API request successful for /stats/highestscore","service":"bestbowlingsr"}
{"endpoint":"stats/bestbowling","level":"info","message":"API request successful for /stats/bestbowling","service":"bestbowlingsr"}
{"endpoint":"stats/mostfifty","level":"info","message":"API request successful for /stats/mostfifty","service":"bestbowlingsr"}
{"endpoint":"stats/mostwicket","level":"info","message":"API request successful for /stats/mostwicket","service":"bestbowlingsr"}
{"endpoint":"stats/bestbowlingsr","level":"info","message":"API request successful for /stats/bestbowlingsr","service":"bestbowlingsr"}
{"endpoint":"pointstable","level":"info","message":"API request successful for /pointstable","service":"pointstable"}
{"endpoint":"pointstable","level":"info","message":"API request successful for /pointstable","service":"pointstable"}
{"endpoint":"stats/mostrun","level":"info","message":"API request successful for /stats/mostrun","service":"bestbowling"}
{"endpoint":"stats/highestavg","level":"info","message":"API request successful for /stats/highestavg","service":"bestbowlingsr"}
{"endpoint":"stats/highestscore","level":"info","message":"API request successful for /stats/highestscore","service":"bestbowlingsr"}
{"endpoint":"stats/mostfifty","level":"info","message":"API request successful for /stats/mostfifty","service":"bestbowlingsr"}
{"endpoint":"stats/mostwicket","level":"info","message":"API request successful for /stats/mostwicket","service":"bestbowlingsr"}
{"endpoint":"stats/bestbowling","level":"info","message":"API request successful for /stats/bestbowling","service":"bestbowlingsr"}
{"endpoint":"stats/bestbowlingsr","level":"info","message":"API request successful for /stats/bestbowlingsr","service":"bestbowlingsr"}
{"endpoint":"stats/highestavg","level":"info","message":"API request successful for /stats/highestavg","service":"bestbowling"}
{"endpoint":"stats/highestscore","level":"info","message":"API request successful for /stats/highestscore","service":"bestbowlingsr"}
{"endpoint":"stats/mostrun","level":"info","message":"API request successful for /stats/mostrun","service":"bestbowlingsr"}
{"endpoint":"stats/mostfifty","level":"info","message":"API request successful for /stats/mostfifty","service":"bestbowlingsr"}
{"endpoint":"stats/mostwicket","level":"info","message":"API request successful for /stats/mostwicket","service":"bestbowlingsr"}
{"endpoint":"stats/bestbowling","level":"info","message":"API request successful for /stats/bestbowling","service":"bestbowlingsr"}
{"endpoint":"stats/bestbowlingsr","level":"info","message":"API request successful for /stats/bestbowlingsr","service":"bestbowlingsr"}
{"endpoint":"pointstable","level":"info","message":"API request successful for /pointstable","service":"pointstable"}
{"endpoint":"pointstable","level":"info","message":"API request successful for /pointstable","service":"pointstable"}
{"endpoint":"pointstable","level":"info","message":"API request successful for /pointstable","service":"pointstable"}
{"endpoint":"schedule","level":"info","message":"API request successful for /schedule","service":"schedule"}
{"endpoint":"stats/highestscore","level":"info","message":"API request successful for /stats/highestscore","service":"bestbowling"}
{"endpoint":"stats/mostrun","level":"info","message":"API request successful for /stats/mostrun","service":"bestbowlingsr"}
{"endpoint":"stats/highestavg","level":"info","message":"API request successful for /stats/highestavg","service":"bestbowlingsr"}
{"endpoint":"stats/mostwicket","level":"info","message":"API request successful for /stats/mostwicket","service":"bestbowlingsr"}
{"endpoint":"stats/bestbowling","level":"info","message":"API request successful for /stats/bestbowling","service":"bestbowlingsr"}
{"endpoint":"stats/mostfifty","level":"info","message":"API request successful for /stats/mostfifty","service":"bestbowlingsr"}
{"endpoint":"stats/bestbowlingsr","level":"info","message":"API request successful for /stats/bestbowlingsr","service":"bestbowlingsr"}
{"endpoint":"stats/highestavg","level":"info","message":"API request successful for /stats/highestavg","service":"bestbowling"}
{"endpoint":"stats/highestscore","level":"info","message":"API request successful for /stats/highestscore","service":"bestbowlingsr"}
{"endpoint":"stats/mostrun","level":"info","message":"API request successful for /stats/mostrun","service":"bestbowlingsr"}
{"endpoint":"stats/bestbowling","level":"info","message":"API request successful for /stats/bestbowling","service":"livescore"}
{"endpoint":"stats/mostwicket","level":"info","message":"API request successful for /stats/mostwicket","service":"livescore"}
{"endpoint":"stats/mostfifty","level":"info","message":"API request successful for /stats/mostfifty","service":"livescore"}
{"endpoint":"stats/bestbowlingsr","level":"info","message":"API request successful for /stats/bestbowlingsr","service":"livescore"}
{"endpoint":"stats/mostrun","level":"info","message":"API request successful for /stats/mostrun","service":"mostwicket"}
{"endpoint":"stats/highestscore","level":"info","message":"API request successful for /stats/highestscore","service":"mostwicket"}
{"endpoint":"stats/highestavg","level":"info","message":"API request successful for /stats/highestavg","service":"bestbowlingsr"}
{"endpoint":"livescore","level":"info","message":"API request successful for /livescore","service":"bestbowlingsr"}
{"endpoint":"stats/mostfifty","level":"info","message":"API request successful for /stats/mostfifty","service":"bestbowlingsr"}
{"endpoint":"stats/mostwicket","level":"info","message":"API request successful for /stats/mostwicket","service":"highestavg"}
{"endpoint":"stats/highestscore","level":"info","message":"API request successful for /stats/highestscore","service":"mostfifty"}
{"endpoint":"stats/mostrun","level":"info","message":"API request successful for /stats/mostrun","service":"mostfifty"}
{"endpoint":"stats/highestavg","level":"info","message":"API request successful for /stats/highestavg","service":"mostwicket"}
{"endpoint":"stats/bestbowling","level":"info","message":"API request successful for /stats/bestbowling","service":"mostwicket"}
{"endpoint":"stats/bestbowlingsr","level":"info","message":"API request successful for /stats/bestbowlingsr","service":"mostwicket"}
{"endpoint":"stats/mostfifty","level":"info","message":"API request successful for /stats/mostfifty","service":"bestbowlingsr"}
{"endpoint":"stats/mostwicket","level":"info","message":"API request successful for /stats/mostwicket","service":"bestbowlingsr"}
{"endpoint":"stats/bestbowling","level":"info","message":"API request successful for /stats/bestbowling","service":"mostfifty"}
{"endpoint":"stats/bestbowlingsr","level":"info","message":"API request successful for /stats/bestbowlingsr","service":"mostwicket"}
{"endpoint":"stats/highestavg","level":"info","message":"API request successful for /stats/highestavg","service":"bestbowling"}
{"endpoint":"stats/mostrun","level":"info","message":"API request successful for /stats/mostrun","service":"bestbowlingsr"}
{"endpoint":"stats/highestscore","level":"info","message":"API request successful for /stats/highestscore","service":"bestbowlingsr"}
{"endpoint":"stats/mostfifty","level":"info","message":"API request successful for /stats/mostfifty","service":"bestbowlingsr"}
{"endpoint":"stats/mostwicket","level":"info","message":"API request successful for /stats/mostwicket","service":"bestbowlingsr"}
{"endpoint":"stats/bestbowling","level":"info","message":"API request successful for /stats/bestbowling","service":"bestbowlingsr"}
{"endpoint":"stats/bestbowlingsr","level":"info","message":"API request successful for /stats/bestbowlingsr","service":"mostwicket"}
{"endpoint":"stats/highestscore","level":"info","message":"API request successful for /stats/highestscore","service":"bestbowling"}
{"endpoint":"stats/mostrun","level":"info","message":"API request successful for /stats/mostrun","service":"bestbowlingsr"}
{"endpoint":"stats/highestavg","level":"info","message":"API request successful for /stats/highestavg","service":"bestbowlingsr"}
{"endpoint":"stats/mostwicket","level":"info","message":"API request successful for /stats/mostwicket","service":"highestscore"}
{"endpoint":"stats/mostfifty","level":"info","message":"API request successful for /stats/mostfifty","service":"highestavg"}
{"endpoint":"stats/mostrun","level":"info","message":"API request successful for /stats/mostrun","service":"mostwicket"}
{"endpoint":"stats/bestbowling","level":"info","message":"API request successful for /stats/bestbowling","service":"mostfifty"}
{"endpoint":"stats/highestscore","level":"info","message":"API request successful for /stats/highestscore","service":"mostfifty"}
{"endpoint":"stats/highestavg","level":"info","message":"API request successful for /stats/highestavg","service":"bestbowling"}
{"endpoint":"stats/bestbowlingsr","level":"info","message":"API request successful for /stats/bestbowlingsr","service":"bestbowling"}
{"endpoint":"stats/mostwicket","level":"info","message":"API request successful for /stats/mostwicket","service":"bestbowlingsr"}
{"endpoint":"stats/bestbowling","level":"info","message":"API request successful for /stats/bestbowling","service":"livescore"}
{"endpoint":"stats/mostfifty","level":"info","message":"API request successful for /stats/mostfifty","service":"livescore"}
{"endpoint":"stats/bestbowlingsr","level":"info","message":"API request successful for /stats/bestbowlingsr","service":"pointstable"}
{"endpoint":"pointstable","level":"info","message":"API request successful for /pointstable","service":"schedule"}
{"endpoint":"schedule","level":"info","message":"API request successful for /schedule","service":"schedule"}
{"endpoint":"livescore","level":"info","message":"API request successful for /livescore","service":"schedule"}
